[p.w3layouts.com/demosWTR/Freedom/30-11-2019/livin-freedom_demo_Free/1835362585/web/index.html]
[backblue.gif]
[fade.gif]
[index.html]
[ajax.googleapis.com/ajax/libs/jquery/1.10.2/jquery.min.js]
[p.w3layouts.com/demosWTR/Freedom/30-11-2019/livin-freedom_demo_Free/1835362585/web/assets/css/style-freedom.css]
[m.servedby-buysellads.com/monetization.js]
[p.w3layouts.com/assests/css/font-awesome.min.css]
[p.w3layouts.com/demosWTR/Freedom/30-11-2019/livin-freedom_demo_Free/1835362585/web/about.html]
[p.w3layouts.com/demosWTR/Freedom/30-11-2019/livin-freedom_demo_Free/1835362585/web/services.html]
[p.w3layouts.com/demosWTR/Freedom/30-11-2019/livin-freedom_demo_Free/1835362585/web/team.html]
[p.w3layouts.com/demosWTR/Freedom/30-11-2019/livin-freedom_demo_Free/1835362585/web/team-single.html]
[p.w3layouts.com/demosWTR/Freedom/30-11-2019/livin-freedom_demo_Free/1835362585/web/gallery.html]
[p.w3layouts.com/demosWTR/Freedom/30-11-2019/livin-freedom_demo_Free/1835362585/web/portfolio.html]
[p.w3layouts.com/demosWTR/Freedom/30-11-2019/livin-freedom_demo_Free/1835362585/web/single.html]
[p.w3layouts.com/demosWTR/Freedom/30-11-2019/livin-freedom_demo_Free/1835362585/web/blog.html]
[p.w3layouts.com/demosWTR/Freedom/30-11-2019/livin-freedom_demo_Free/1835362585/web/blog-single.html]
[p.w3layouts.com/demosWTR/Freedom/30-11-2019/livin-freedom_demo_Free/1835362585/web/faq.html]
[p.w3layouts.com/demosWTR/Freedom/30-11-2019/livin-freedom_demo_Free/1835362585/web/timeline.html]
[p.w3layouts.com/demosWTR/Freedom/30-11-2019/livin-freedom_demo_Free/1835362585/web/search-results.html]
[p.w3layouts.com/demosWTR/Freedom/30-11-2019/livin-freedom_demo_Free/1835362585/web/error.html]
[p.w3layouts.com/demosWTR/Freedom/30-11-2019/livin-freedom_demo_Free/1835362585/web/coming-soon.html]
[p.w3layouts.com/demosWTR/Freedom/30-11-2019/livin-freedom_demo_Free/1835362585/web/email-template.html]
[p.w3layouts.com/demosWTR/Freedom/30-11-2019/livin-freedom_demo_Free/1835362585/web/ecommerce.html]
[p.w3layouts.com/demosWTR/Freedom/30-11-2019/livin-freedom_demo_Free/1835362585/web/ecommerce-cart.html]
[p.w3layouts.com/demosWTR/Freedom/30-11-2019/livin-freedom_demo_Free/1835362585/web/ecommerce-single.html]
[p.w3layouts.com/demosWTR/Freedom/30-11-2019/livin-freedom_demo_Free/1835362585/web/login.html]
[p.w3layouts.com/demosWTR/Freedom/30-11-2019/livin-freedom_demo_Free/1835362585/web/signup.html]
[p.w3layouts.com/demosWTR/Freedom/30-11-2019/livin-freedom_demo_Free/1835362585/web/contact.html]
[p.w3layouts.com/demosWTR/Freedom/30-11-2019/livin-freedom_demo_Free/1835362585/web/assets/js/jquery-3.3.1.min.js]
[p.w3layouts.com/demosWTR/Freedom/30-11-2019/livin-freedom_demo_Free/1835362585/web/assets/images/1.jpg]
[p.w3layouts.com/demosWTR/Freedom/30-11-2019/livin-freedom_demo_Free/1835362585/web/assets/images/2.jpg]
[p.w3layouts.com/demosWTR/Freedom/30-11-2019/livin-freedom_demo_Free/1835362585/web/assets/images/3.jpg]
[p.w3layouts.com/demosWTR/Freedom/30-11-2019/livin-freedom_demo_Free/1835362585/web/assets/images/g1.jpg]
[p.w3layouts.com/demosWTR/Freedom/30-11-2019/livin-freedom_demo_Free/1835362585/web/assets/images/g2.jpg]
[p.w3layouts.com/demosWTR/Freedom/30-11-2019/livin-freedom_demo_Free/1835362585/web/assets/images/g3.jpg]
[p.w3layouts.com/demosWTR/Freedom/30-11-2019/livin-freedom_demo_Free/1835362585/web/assets/images/g4.jpg]
[p.w3layouts.com/demosWTR/Freedom/30-11-2019/livin-freedom_demo_Free/1835362585/web/assets/images/g5.jpg]
[p.w3layouts.com/demosWTR/Freedom/30-11-2019/livin-freedom_demo_Free/1835362585/web/assets/images/g6.jpg]
[p.w3layouts.com/demosWTR/Freedom/30-11-2019/livin-freedom_demo_Free/1835362585/web/assets/images/g7.jpg]
[p.w3layouts.com/demosWTR/Freedom/30-11-2019/livin-freedom_demo_Free/1835362585/web/assets/images/g9.jpg]
[p.w3layouts.com/demosWTR/Freedom/30-11-2019/livin-freedom_demo_Free/1835362585/web/assets/js/grids.owl.carousel.js]
[p.w3layouts.com/demosWTR/Freedom/30-11-2019/livin-freedom_demo_Free/1835362585/web/assets/images/client1.png]
[p.w3layouts.com/demosWTR/Freedom/30-11-2019/livin-freedom_demo_Free/1835362585/web/assets/images/client2.png]
[p.w3layouts.com/demosWTR/Freedom/30-11-2019/livin-freedom_demo_Free/1835362585/web/assets/images/client3.png]
[p.w3layouts.com/demosWTR/Freedom/30-11-2019/livin-freedom_demo_Free/1835362585/web/assets/images/client4.png]
[p.w3layouts.com/demosWTR/Freedom/30-11-2019/livin-freedom_demo_Free/1835362585/web/assets/images/client5.png]
[p.w3layouts.com/demosWTR/Freedom/30-11-2019/livin-freedom_demo_Free/1835362585/web/assets/images/client6.png]
[p.w3layouts.com/demosWTR/Freedom/30-11-2019/livin-freedom_demo_Free/1835362585/web/assets/images/client7.png]
[p.w3layouts.com/demosWTR/Freedom/30-11-2019/livin-freedom_demo_Free/1835362585/web/assets/images/4.jpg]
[p.w3layouts.com/demosWTR/Freedom/30-11-2019/livin-freedom_demo_Free/1835362585/web/index.html]
[p.w3layouts.com/demosWTR/Freedom/30-11-2019/livin-freedom_demo_Free/1835362585/web/assets/fonts/fontawesome-webfont3e6e.eot]
[p.w3layouts.com/demosWTR/Freedom/30-11-2019/livin-freedom_demo_Free/1835362585/web/assets/fonts/fontawesome-webfontd41d.eot]
[p.w3layouts.com/demosWTR/Freedom/30-11-2019/livin-freedom_demo_Free/1835362585/web/assets/fonts/fontawesome-webfont3e6e.woff2]
[p.w3layouts.com/demosWTR/Freedom/30-11-2019/livin-freedom_demo_Free/1835362585/web/assets/fonts/fontawesome-webfont3e6e.woff]
[p.w3layouts.com/demosWTR/Freedom/30-11-2019/livin-freedom_demo_Free/1835362585/web/assets/fonts/fontawesome-webfont3e6e.ttf]
[p.w3layouts.com/demosWTR/Freedom/30-11-2019/livin-freedom_demo_Free/1835362585/web/assets/fonts/fontawesome-webfont3e6e.svg]
[p.w3layouts.com/demosWTR/Freedom/30-11-2019/livin-freedom_demo_Free/1835362585/web/assets/images/slide1.jpg]
[p.w3layouts.com/demosWTR/Freedom/30-11-2019/livin-freedom_demo_Free/1835362585/web/assets/images/slide2.jpg]
[p.w3layouts.com/demosWTR/Freedom/30-11-2019/livin-freedom_demo_Free/1835362585/web/assets/images/slide3.jpg]
[p.w3layouts.com/demosWTR/Freedom/30-11-2019/livin-freedom_demo_Free/1835362585/web/assets/images/slide4.jpg]
[p.w3layouts.com/demosWTR/Freedom/30-11-2019/livin-freedom_demo_Free/1835362585/web/assets/css/owl.video.play.png]
[p.w3layouts.com/demosWTR/Freedom/30-11-2019/livin-freedom_demo_Free/1835362585/web/assets/images/6.jpg]
[p.w3layouts.com/demosWTR/Freedom/30-11-2019/livin-freedom_demo_Free/1835362585/web/assets/images/5.jpg]
[p.w3layouts.com/demosWTR/Freedom/30-11-2019/livin-freedom_demo_Free/1835362585/web/assets/images/s1.jpg]
[p.w3layouts.com/demosWTR/Freedom/30-11-2019/livin-freedom_demo_Free/1835362585/web/assets/images/login.jpg]
[p.w3layouts.com/demosWTR/Freedom/30-11-2019/livin-freedom_demo_Free/1835362585/web/assets/images/login-overlay.png]
[p.w3layouts.com/demosWTR/Freedom/30-11-2019/livin-freedom_demo_Free/1835362585/web/assets/images/7.jpg]
[p.w3layouts.com/demosWTR/Freedom/30-11-2019/livin-freedom_demo_Free/1835362585/web/assets/css/style-freedom.css]
[p.w3layouts.com/assests/css/font-awesome.min.css]
[p.w3layouts.com/demosWTR/Freedom/30-11-2019/livin-freedom_demo_Free/1835362585/web/assets/images/t1.jpg]
[p.w3layouts.com/demosWTR/Freedom/30-11-2019/livin-freedom_demo_Free/1835362585/web/assets/images/t2.jpg]
[p.w3layouts.com/demosWTR/Freedom/30-11-2019/livin-freedom_demo_Free/1835362585/web/assets/images/t3.jpg]
[p.w3layouts.com/demosWTR/Freedom/30-11-2019/livin-freedom_demo_Free/1835362585/web/assets/images/t4.jpg]
[p.w3layouts.com/demosWTR/Freedom/30-11-2019/livin-freedom_demo_Free/1835362585/web/assets/images/t5.jpg]
[p.w3layouts.com/demosWTR/Freedom/30-11-2019/livin-freedom_demo_Free/1835362585/web/assets/images/t6.jpg]
[p.w3layouts.com/demosWTR/Freedom/30-11-2019/livin-freedom_demo_Free/1835362585/web/assets/images/t7.jpg]
[p.w3layouts.com/demosWTR/Freedom/30-11-2019/livin-freedom_demo_Free/1835362585/web/assets/images/t8.jpg]
[p.w3layouts.com/demosWTR/Freedom/30-11-2019/livin-freedom_demo_Free/1835362585/web/about.html]
[p.w3layouts.com/demosWTR/Freedom/30-11-2019/livin-freedom_demo_Free/1835362585/web/services.html]
[p.w3layouts.com/demosWTR/Freedom/30-11-2019/livin-freedom_demo_Free/1835362585/web/team.html]
[p.w3layouts.com/demosWTR/Freedom/30-11-2019/livin-freedom_demo_Free/1835362585/web/assets/images/team-single.jpg]
[p.w3layouts.com/demosWTR/Freedom/30-11-2019/livin-freedom_demo_Free/1835362585/web/team-single.html]
[p.w3layouts.com/demosWTR/Freedom/30-11-2019/livin-freedom_demo_Free/1835362585/web/assets/images/g8.jpg]
[p.w3layouts.com/demosWTR/Freedom/30-11-2019/livin-freedom_demo_Free/1835362585/web/gallery.html]
[p.w3layouts.com/demosWTR/Freedom/30-11-2019/livin-freedom_demo_Free/1835362585/web/portfolio.html]
[p.w3layouts.com/demosWTR/Freedom/30-11-2019/livin-freedom_demo_Free/1835362585/web/single.html]
[p.w3layouts.com/demosWTR/Freedom/30-11-2019/livin-freedom_demo_Free/1835362585/web/audio/sample.ogg]
[p.w3layouts.com/demosWTR/Freedom/30-11-2019/livin-freedom_demo_Free/1835362585/web/audio/sample.mp3]
[p.w3layouts.com/demosWTR/Freedom/30-11-2019/livin-freedom_demo_Free/1835362585/web/blog.html]
[p.w3layouts.com/demosWTR/Freedom/30-11-2019/livin-freedom_demo_Free/1835362585/web/blog-single.html]
[p.w3layouts.com/demosWTR/Freedom/30-11-2019/livin-freedom_demo_Free/1835362585/web/faq.html]
[p.w3layouts.com/demosWTR/Freedom/30-11-2019/livin-freedom_demo_Free/1835362585/web/timeline.html]
[p.w3layouts.com/demosWTR/Freedom/30-11-2019/livin-freedom_demo_Free/1835362585/web/search-results.html]
[p.w3layouts.com/demosWTR/Freedom/30-11-2019/livin-freedom_demo_Free/1835362585/web/error.html]
[p.w3layouts.com/demosWTR/Freedom/30-11-2019/livin-freedom_demo_Free/1835362585/web/coming-soon.html]
[p.w3layouts.com/demosWTR/Freedom/30-11-2019/livin-freedom_demo_Free/1835362585/web/assets/images/fb.png]
[p.w3layouts.com/demosWTR/Freedom/30-11-2019/livin-freedom_demo_Free/1835362585/web/assets/images/tw.png]
[p.w3layouts.com/demosWTR/Freedom/30-11-2019/livin-freedom_demo_Free/1835362585/web/assets/images/pin.png]
[p.w3layouts.com/demosWTR/Freedom/30-11-2019/livin-freedom_demo_Free/1835362585/web/assets/images/drib.png]
[p.w3layouts.com/demosWTR/Freedom/30-11-2019/livin-freedom_demo_Free/1835362585/web/email-template.html]
[p.w3layouts.com/demosWTR/Freedom/30-11-2019/livin-freedom_demo_Free/1835362585/web/assets/images/shop-1.jpg]
[p.w3layouts.com/demosWTR/Freedom/30-11-2019/livin-freedom_demo_Free/1835362585/web/assets/images/shop-2.jpg]
[p.w3layouts.com/demosWTR/Freedom/30-11-2019/livin-freedom_demo_Free/1835362585/web/assets/images/shop-3.jpg]
[p.w3layouts.com/demosWTR/Freedom/30-11-2019/livin-freedom_demo_Free/1835362585/web/assets/images/shop-4.jpg]
[p.w3layouts.com/demosWTR/Freedom/30-11-2019/livin-freedom_demo_Free/1835362585/web/assets/images/shop-5.jpg]
[p.w3layouts.com/demosWTR/Freedom/30-11-2019/livin-freedom_demo_Free/1835362585/web/assets/images/shop-6.jpg]
[p.w3layouts.com/demosWTR/Freedom/30-11-2019/livin-freedom_demo_Free/1835362585/web/assets/images/shop-7.jpg]
[p.w3layouts.com/demosWTR/Freedom/30-11-2019/livin-freedom_demo_Free/1835362585/web/assets/images/shop-8.jpg]
[p.w3layouts.com/demosWTR/Freedom/30-11-2019/livin-freedom_demo_Free/1835362585/web/ecommerce.html]
[p.w3layouts.com/demosWTR/Freedom/30-11-2019/livin-freedom_demo_Free/1835362585/web/ecommerce-cart.html]
[p.w3layouts.com/demosWTR/Freedom/30-11-2019/livin-freedom_demo_Free/1835362585/web/assets/images/cart1.jpg]
[p.w3layouts.com/demosWTR/Freedom/30-11-2019/livin-freedom_demo_Free/1835362585/web/assets/images/cart2.jpg]
[p.w3layouts.com/demosWTR/Freedom/30-11-2019/livin-freedom_demo_Free/1835362585/web/assets/images/cart3.jpg]
[p.w3layouts.com/demosWTR/Freedom/30-11-2019/livin-freedom_demo_Free/1835362585/web/assets/images/cart4.jpg]
[p.w3layouts.com/demosWTR/Freedom/30-11-2019/livin-freedom_demo_Free/1835362585/web/assets/images/cart5.jpg]
[p.w3layouts.com/demosWTR/Freedom/30-11-2019/livin-freedom_demo_Free/1835362585/web/ecommerce-single.html]
[p.w3layouts.com/demosWTR/Freedom/30-11-2019/livin-freedom_demo_Free/1835362585/web/login.html]
[p.w3layouts.com/demosWTR/Freedom/30-11-2019/livin-freedom_demo_Free/1835362585/web/signup.html]
[p.w3layouts.com/demosWTR/Freedom/30-11-2019/livin-freedom_demo_Free/1835362585/web/contact.html]
[p.w3layouts.com/demosWTR/Freedom/30-11-2019/livin-freedom_demo_Free/1835362585/web/assets/fonts/fontawesome-webfont3e6e.svg]
[p.w3layouts.com/demosWTR/Freedom/30-11-2019/livin-freedom_demo_Free/1835362585/web/assets/css/owl.video.play.html]
[p.w3layouts.com/demosWTR/Freedom/30-11-2019/livin-freedom_demo_Free/1835362585/web/audio/sample.html]
[p.w3layouts.com/demosWTR/Freedom/30-11-2019/livin-freedom_demo_Free/1835362585/web/audio/sample-2.html]
[codefund.io/properties/441/funder.js]
